<?xml version="1.0" encoding="UTF-8"?>
<!-- Generated by org.testng.reporters.JUnitReportReporter -->
<testsuite hostname="DESKTOP-TGQQJ3B" failures="0" tests="2" name="test.KamolTest" time="49.446" errors="0" timestamp="2023-06-10T23:08:55 EDT" skipped="0">
  <testcase classname="test.KamolTest" name="verifyCartPageAfterAddingAndNavigateToCartPage" time="49.392"/>
  <system-out/>
  <testcase classname="test.KamolTest" name="verifySubTotal" time="0.054"/>
  <system-out/>
</testsuite> <!-- test.KamolTest -->
